Using pre-set license
Built from '2020.3/staging' branch; Version is '2020.3.11f1 (99c7afb366b3) revision 10078127'; Using compiler version '192528614'; Build Type 'Release'
OS: 'Windows 10 Pro; OS build 19042.1110; Version 2009; 64bit' Language: 'en' Physical Memory: 32681 MB
BatchMode: 1, IsHumanControllingUs: 0, StartBugReporterOnCrash: 0, Is64bit: 1, IsPro: 0

 COMMAND LINE ARGUMENTS:
C:\Program Files\Unity\Hub\Editor\2020.3.11f1\Editor\Unity.exe
-adb2
-batchMode
-noUpm
-name
AssetImportWorker0
-projectPath
C:/Users/user/Desktop/SeperateModelViewing
-logFile
Logs/AssetImportWorker0.log
-srvPort
53429
Successfully changed project path to: C:/Users/user/Desktop/SeperateModelViewing
C:/Users/user/Desktop/SeperateModelViewing
Using Asset Import Pipeline V2.
Refreshing native plugins compatible for Editor in 22.87 ms, found 3 plugins.
Preloading 0 native plugins for Editor in 0.00 ms.
Initialize engine version: 2020.3.11f1 (99c7afb366b3)
[Subsystems] Discovering subsystems at path C:/Program Files/Unity/Hub/Editor/2020.3.11f1/Editor/Data/Resources/UnitySubsystems
[Subsystems] Discovering subsystems at path C:/Users/user/Desktop/SeperateModelViewing/Assets
GfxDevice: creating device client; threaded=0
Direct3D:
    Version:  Direct3D 11.0 [level 11.1]
    Renderer: NVIDIA GeForce RTX 3070 (ID=0x2484)
    Vendor:   
    VRAM:     8043 MB
    Driver:   27.21.14.5751
Initialize mono
Mono path[0] = 'C:/Program Files/Unity/Hub/Editor/2020.3.11f1/Editor/Data/Managed'
Mono path[1] = 'C:/Program Files/Unity/Hub/Editor/2020.3.11f1/Editor/Data/MonoBleedingEdge/lib/mono/unityjit'
Mono config path = 'C:/Program Files/Unity/Hub/Editor/2020.3.11f1/Editor/Data/MonoBleedingEdge/etc'
Using monoOptions --debugger-agent=transport=dt_socket,embedding=1,server=y,suspend=n,address=127.0.0.1:56720
Begin MonoManager ReloadAssembly
Registering precompiled unity dll's ...
Register platform support module: C:/Program Files/Unity/Hub/Editor/2020.3.11f1/Editor/Data/PlaybackEngines/WindowsStandaloneSupport/UnityEditor.WindowsStandalone.Extensions.dll
Registered in 0.001285 seconds.
Native extension for WindowsStandalone target not found
Refreshing native plugins compatible for Editor in 27.88 ms, found 3 plugins.
Preloading 0 native plugins for Editor in 0.00 ms.
Mono: successfully reloaded assembly
- Completed reload, in  0.903 seconds
Platform modules already initialized, skipping
Registering precompiled user dll's ...
Registered in 0.002550 seconds.
Begin MonoManager ReloadAssembly
Native extension for WindowsStandalone target not found
Refreshing native plugins compatible for Editor in 21.36 ms, found 3 plugins.
Preloading 0 native plugins for Editor in 0.00 ms.
Mono: successfully reloaded assembly
- Completed reload, in  0.812 seconds
Platform modules already initialized, skipping
========================================================================
Worker process is ready to serve import requests
Launched and connected shader compiler UnityShaderCompiler.exe after 0.03 seconds
Refreshing native plugins compatible for Editor in 0.29 ms, found 3 plugins.
Preloading 0 native plugins for Editor in 0.00 ms.
Unloading 1442 Unused Serialized files (Serialized files now loaded: 0)
System memory in use before: 68.6 MB.
System memory in use after: 68.7 MB.

Unloading 23 unused Assets to reduce memory usage. Loaded Objects now: 1872.
Total: 1.483500 ms (FindLiveObjects: 0.124900 ms CreateObjectMapping: 0.037800 ms MarkObjects: 1.251300 ms  DeleteObjects: 0.068600 ms)

========================================================================
Received Import Request.
  path: Assets/For3DGraphViewing
  artifactKey: Guid(d28fe4c3f8fb5c94e82f40ed8d2a50e9) Importer(815301076,1909f56bfc062723c751e8b465ee728b)
Start importing Assets/For3DGraphViewing using Guid(d28fe4c3f8fb5c94e82f40ed8d2a50e9) Importer(815301076,1909f56bfc062723c751e8b465ee728b)  -> (artifact id: 'bcd1499247c8161b5ad4bd718b6cbe9c') in 0.007412 seconds
  Import took 0.009155 seconds .

========================================================================
Received Import Request.
  Time since last request: 10.637393 seconds.
  path: Assets/For3DGraphViewing/Iris
  artifactKey: Guid(e8d65c7d73c8acc4b92d909efc49b8cc) Importer(815301076,1909f56bfc062723c751e8b465ee728b)
Start importing Assets/For3DGraphViewing/Iris using Guid(e8d65c7d73c8acc4b92d909efc49b8cc) Importer(815301076,1909f56bfc062723c751e8b465ee728b)  -> (artifact id: '2356a4fab71ec417532146c721bb3723') in 0.005106 seconds
  Import took 0.007314 seconds .

========================================================================
Received Import Request.
  Time since last request: 6.288396 seconds.
  path: Assets/For3DGraphViewing/AirQuality
  artifactKey: Guid(a49412cfd4ab723449d34c9cf58fd6b0) Importer(815301076,1909f56bfc062723c751e8b465ee728b)
Start importing Assets/For3DGraphViewing/AirQuality using Guid(a49412cfd4ab723449d34c9cf58fd6b0) Importer(815301076,1909f56bfc062723c751e8b465ee728b)  -> (artifact id: 'b230c8edaa2edbac765ce8ee827d4984') in 0.005231 seconds
  Import took 0.007120 seconds .

========================================================================
Received Import Request.
  Time since last request: 120.561147 seconds.
  path: Assets/For3DGraphViewing/Iris/IrisDataViz.unity
  artifactKey: Guid(2f37ae3181164744d8865e1b6157cb6e) Importer(815301076,1909f56bfc062723c751e8b465ee728b)
Start importing Assets/For3DGraphViewing/Iris/IrisDataViz.unity using Guid(2f37ae3181164744d8865e1b6157cb6e) Importer(815301076,1909f56bfc062723c751e8b465ee728b)  -> (artifact id: '0eb39abfef416d97220a9b7df3073f75') in 0.012863 seconds
  Import took 0.015347 seconds .

========================================================================
Received Import Request.
  Time since last request: 2.080698 seconds.
  path: Assets/For3DGraphViewing/Iris/Scripts
  artifactKey: Guid(6ac61eaef02e7af43bf63479e23835a7) Importer(815301076,1909f56bfc062723c751e8b465ee728b)
Start importing Assets/For3DGraphViewing/Iris/Scripts using Guid(6ac61eaef02e7af43bf63479e23835a7) Importer(815301076,1909f56bfc062723c751e8b465ee728b)  -> (artifact id: '70ebeb305b5f34767e29b7eb3c05bb50') in 0.005262 seconds
  Import took 0.007226 seconds .

========================================================================
Received Import Request.
  Time since last request: 0.000904 seconds.
  path: Assets/For3DGraphViewing/Iris/Scripts
  artifactKey: Guid(6ac61eaef02e7af43bf63479e23835a7) Importer(815301076,1909f56bfc062723c751e8b465ee728b)
Start importing Assets/For3DGraphViewing/Iris/Scripts using Guid(6ac61eaef02e7af43bf63479e23835a7) Importer(815301076,1909f56bfc062723c751e8b465ee728b)  -> (artifact id: '70ebeb305b5f34767e29b7eb3c05bb50') in 0.001631 seconds
  Import took 0.003602 seconds .

========================================================================
Received Import Request.
  Time since last request: 36.667992 seconds.
  path: Assets/For3DGraphViewing/Iris/Scripts/IrisDataPlotter.cs
  artifactKey: Guid(76689e9ae1f03904bb0db61c807c9e5a) Importer(815301076,1909f56bfc062723c751e8b465ee728b)
Start importing Assets/For3DGraphViewing/Iris/Scripts/IrisDataPlotter.cs using Guid(76689e9ae1f03904bb0db61c807c9e5a) Importer(815301076,1909f56bfc062723c751e8b465ee728b)  -> (artifact id: '26d87ca3b44e5dee8c73d3d908b91b14') in 0.015054 seconds
  Import took 0.017207 seconds .

========================================================================
Received Import Request.
  Time since last request: 0.000331 seconds.
  path: Assets/For3DGraphViewing/Iris/Scripts/IrisDataPlotter.cs
  artifactKey: Guid(76689e9ae1f03904bb0db61c807c9e5a) Importer(815301076,1909f56bfc062723c751e8b465ee728b)
Start importing Assets/For3DGraphViewing/Iris/Scripts/IrisDataPlotter.cs using Guid(76689e9ae1f03904bb0db61c807c9e5a) Importer(815301076,1909f56bfc062723c751e8b465ee728b)  -> (artifact id: '26d87ca3b44e5dee8c73d3d908b91b14') in 0.001788 seconds
  Import took 0.003753 seconds .

========================================================================
Received Import Request.
  Time since last request: 36.923801 seconds.
  path: Assets/For3DGraphViewing/Iris/Scripts/IrisDialogueManager.cs
  artifactKey: Guid(df11bb75922014f4ca7b1d49809f97c4) Importer(815301076,1909f56bfc062723c751e8b465ee728b)
Start importing Assets/For3DGraphViewing/Iris/Scripts/IrisDialogueManager.cs using Guid(df11bb75922014f4ca7b1d49809f97c4) Importer(815301076,1909f56bfc062723c751e8b465ee728b)  -> (artifact id: '489c354b905af9fca88150f0a74d9e3d') in 0.005191 seconds
  Import took 0.007104 seconds .

========================================================================
Received Import Request.
  Time since last request: 0.333480 seconds.
  path: Assets/For3DGraphViewing/Iris/Scripts/IrisInteractWIthObjects.cs
  artifactKey: Guid(d2c89b35929804d43894f78017acdb88) Importer(815301076,1909f56bfc062723c751e8b465ee728b)
Start importing Assets/For3DGraphViewing/Iris/Scripts/IrisInteractWIthObjects.cs using Guid(d2c89b35929804d43894f78017acdb88) Importer(815301076,1909f56bfc062723c751e8b465ee728b)  -> (artifact id: '7624b17c924495994030d6eb2573e491') in 0.005198 seconds
  Import took 0.007074 seconds .

========================================================================
Received Import Request.
  Time since last request: 111.420254 seconds.
  path: Assets/For3DGraphViewing/Iris/Scripts/CSVReader.cs
  artifactKey: Guid(8c5105ac180946646a4eb88b650020de) Importer(815301076,1909f56bfc062723c751e8b465ee728b)
Start importing Assets/For3DGraphViewing/Iris/Scripts/CSVReader.cs using Guid(8c5105ac180946646a4eb88b650020de) Importer(815301076,1909f56bfc062723c751e8b465ee728b)  -> (artifact id: 'e8c146b7e67ae0a18d2141b1d8b26700') in 0.006042 seconds
  Import took 0.007955 seconds .

========================================================================
Received Import Request.
  Time since last request: 6.016230 seconds.
  path: Assets/For3DGraphViewing/Iris/Scripts/CSVReader.cs
  artifactKey: Guid(8c5105ac180946646a4eb88b650020de) Importer(815301076,1909f56bfc062723c751e8b465ee728b)
Start importing Assets/For3DGraphViewing/Iris/Scripts/CSVReader.cs using Guid(8c5105ac180946646a4eb88b650020de) Importer(815301076,1909f56bfc062723c751e8b465ee728b)  -> (artifact id: '8cf65b603b22c34c91896c868f91c975') in 0.002353 seconds
  Import took 0.005650 seconds .

========================================================================
Received Prepare
Registering precompiled user dll's ...
Registered in 0.002460 seconds.
Begin MonoManager ReloadAssembly
Native extension for WindowsStandalone target not found
Refreshing native plugins compatible for Editor in 0.30 ms, found 3 plugins.
Preloading 0 native plugins for Editor in 0.00 ms.
Mono: successfully reloaded assembly
- Completed reload, in  0.749 seconds
Platform modules already initialized, skipping
Refreshing native plugins compatible for Editor in 0.29 ms, found 3 plugins.
Preloading 0 native plugins for Editor in 0.00 ms.
Unloading 1437 Unused Serialized files (Serialized files now loaded: 0)
System memory in use before: 68.1 MB.
System memory in use after: 68.2 MB.

Unloading 18 unused Assets to reduce memory usage. Loaded Objects now: 1881.
Total: 1.426500 ms (FindLiveObjects: 0.125500 ms CreateObjectMapping: 0.038000 ms MarkObjects: 1.217400 ms  DeleteObjects: 0.044800 ms)

========================================================================
Received Prepare
Registering precompiled user dll's ...
Registered in 0.002452 seconds.
Begin MonoManager ReloadAssembly
Native extension for WindowsStandalone target not found
Refreshing native plugins compatible for Editor in 0.30 ms, found 3 plugins.
Preloading 0 native plugins for Editor in 0.00 ms.
Mono: successfully reloaded assembly
- Completed reload, in  0.754 seconds
Platform modules already initialized, skipping
Refreshing native plugins compatible for Editor in 0.45 ms, found 3 plugins.
Preloading 0 native plugins for Editor in 0.00 ms.
Unloading 1437 Unused Serialized files (Serialized files now loaded: 0)
System memory in use before: 68.2 MB.
System memory in use after: 68.2 MB.

Unloading 18 unused Assets to reduce memory usage. Loaded Objects now: 1884.
Total: 1.653300 ms (FindLiveObjects: 0.180300 ms CreateObjectMapping: 0.071300 ms MarkObjects: 1.340700 ms  DeleteObjects: 0.059500 ms)

========================================================================
Received Prepare
Registering precompiled user dll's ...
Registered in 0.002477 seconds.
Begin MonoManager ReloadAssembly
Native extension for WindowsStandalone target not found
Refreshing native plugins compatible for Editor in 0.32 ms, found 3 plugins.
Preloading 0 native plugins for Editor in 0.00 ms.
Mono: successfully reloaded assembly
- Completed reload, in  0.742 seconds
Platform modules already initialized, skipping
Refreshing native plugins compatible for Editor in 0.35 ms, found 3 plugins.
Preloading 0 native plugins for Editor in 0.00 ms.
Unloading 1437 Unused Serialized files (Serialized files now loaded: 0)
System memory in use before: 68.2 MB.
System memory in use after: 68.3 MB.

Unloading 18 unused Assets to reduce memory usage. Loaded Objects now: 1887.
Total: 1.628700 ms (FindLiveObjects: 0.165200 ms CreateObjectMapping: 0.057400 ms MarkObjects: 1.355800 ms  DeleteObjects: 0.049300 ms)

========================================================================
Received Import Request.
  Time since last request: 88.147053 seconds.
  path: Assets/For3DGraphViewing/SquarePoint.prefab
  artifactKey: Guid(9a0a9d95413fff543be4eded7e29009f) Importer(815301076,1909f56bfc062723c751e8b465ee728b)
Start importing Assets/For3DGraphViewing/SquarePoint.prefab using Guid(9a0a9d95413fff543be4eded7e29009f) Importer(815301076,1909f56bfc062723c751e8b465ee728b)  -> (artifact id: '302b7482f702244e4f151a2624bec648') in 0.072602 seconds
  Import took 0.074908 seconds .

========================================================================
Received Import Request.
  Time since last request: 25.092588 seconds.
  path: Assets/For3DGraphViewing/BallPoint.prefab
  artifactKey: Guid(4eb359e8239958a47be772f2a02cfccd) Importer(815301076,1909f56bfc062723c751e8b465ee728b)
Start importing Assets/For3DGraphViewing/BallPoint.prefab using Guid(4eb359e8239958a47be772f2a02cfccd) Importer(815301076,1909f56bfc062723c751e8b465ee728b)  -> (artifact id: '22f9c093edaccb8f22279367330cc147') in 0.010464 seconds
  Import took 0.012702 seconds .

========================================================================
Received Import Request.
  Time since last request: 36.592092 seconds.
  path: Assets/For3DGraphViewing/Cube.prefab
  artifactKey: Guid(f9d580d15894f724d965c7d8d4facb38) Importer(815301076,1909f56bfc062723c751e8b465ee728b)
Start importing Assets/For3DGraphViewing/Cube.prefab using Guid(f9d580d15894f724d965c7d8d4facb38) Importer(815301076,1909f56bfc062723c751e8b465ee728b)  -> (artifact id: '71b403774a54e0e222c5317f7e3c6842') in 0.011627 seconds
  Import took 0.013637 seconds .

========================================================================
Received Import Request.
  Time since last request: 0.005998 seconds.
  path: Assets/For3DGraphViewing/Cube.prefab
  artifactKey: Guid(f9d580d15894f724d965c7d8d4facb38) Importer(815301076,1909f56bfc062723c751e8b465ee728b)
Start importing Assets/For3DGraphViewing/Cube.prefab using Guid(f9d580d15894f724d965c7d8d4facb38) Importer(815301076,1909f56bfc062723c751e8b465ee728b)  -> (artifact id: '71b403774a54e0e222c5317f7e3c6842') in 0.004968 seconds
  Import took 0.007375 seconds .

========================================================================
Received Prepare
Registering precompiled user dll's ...
Registered in 0.002443 seconds.
Begin MonoManager ReloadAssembly
Native extension for WindowsStandalone target not found
Refreshing native plugins compatible for Editor in 0.30 ms, found 3 plugins.
Preloading 0 native plugins for Editor in 0.00 ms.
Mono: successfully reloaded assembly
- Completed reload, in  0.757 seconds
Platform modules already initialized, skipping
Refreshing native plugins compatible for Editor in 0.31 ms, found 3 plugins.
Preloading 0 native plugins for Editor in 0.00 ms.
Unloading 1437 Unused Serialized files (Serialized files now loaded: 0)
System memory in use before: 71.4 MB.
System memory in use after: 71.4 MB.

Unloading 19 unused Assets to reduce memory usage. Loaded Objects now: 1899.
Total: 1.984400 ms (FindLiveObjects: 0.170200 ms CreateObjectMapping: 0.052200 ms MarkObjects: 1.696500 ms  DeleteObjects: 0.064500 ms)

========================================================================
Received Prepare
Registering precompiled user dll's ...
Registered in 0.002466 seconds.
Begin MonoManager ReloadAssembly
Native extension for WindowsStandalone target not found
Refreshing native plugins compatible for Editor in 0.30 ms, found 3 plugins.
Preloading 0 native plugins for Editor in 0.00 ms.
Mono: successfully reloaded assembly
- Completed reload, in  0.735 seconds
Platform modules already initialized, skipping
Refreshing native plugins compatible for Editor in 0.29 ms, found 3 plugins.
Preloading 0 native plugins for Editor in 0.00 ms.
Unloading 1437 Unused Serialized files (Serialized files now loaded: 0)
System memory in use before: 71.4 MB.
System memory in use after: 71.5 MB.

Unloading 18 unused Assets to reduce memory usage. Loaded Objects now: 1902.
Total: 1.507300 ms (FindLiveObjects: 0.123800 ms CreateObjectMapping: 0.039500 ms MarkObjects: 1.297200 ms  DeleteObjects: 0.046300 ms)

========================================================================
Received Import Request.
  Time since last request: 168.904697 seconds.
  path: Assets/Resources
  artifactKey: Guid(7be75b48411b5ba4a9ea5d2746de4e82) Importer(815301076,1909f56bfc062723c751e8b465ee728b)
Start importing Assets/Resources using Guid(7be75b48411b5ba4a9ea5d2746de4e82) Importer(815301076,1909f56bfc062723c751e8b465ee728b)  -> (artifact id: '2752be793d2df1a8fd3466f1f3a6f764') in 0.007978 seconds
  Import took 0.009983 seconds .

========================================================================
Received Prepare
Registering precompiled user dll's ...
Registered in 0.002701 seconds.
Begin MonoManager ReloadAssembly
Native extension for WindowsStandalone target not found
Refreshing native plugins compatible for Editor in 0.30 ms, found 3 plugins.
Preloading 0 native plugins for Editor in 0.00 ms.
Mono: successfully reloaded assembly
- Completed reload, in  0.731 seconds
Platform modules already initialized, skipping
Refreshing native plugins compatible for Editor in 0.35 ms, found 3 plugins.
Preloading 0 native plugins for Editor in 0.00 ms.
Unloading 1437 Unused Serialized files (Serialized files now loaded: 0)
System memory in use before: 71.4 MB.
System memory in use after: 71.5 MB.

Unloading 18 unused Assets to reduce memory usage. Loaded Objects now: 1905.
Total: 1.800100 ms (FindLiveObjects: 0.161900 ms CreateObjectMapping: 0.047200 ms MarkObjects: 1.525000 ms  DeleteObjects: 0.064600 ms)

========================================================================
Received Import Request.
  Time since last request: 83.884486 seconds.
  path: Assets/For3DGraphViewing/Iris/IrisDataViz.unity
  artifactKey: Guid(2f37ae3181164744d8865e1b6157cb6e) Importer(815301076,1909f56bfc062723c751e8b465ee728b)
Start importing Assets/For3DGraphViewing/Iris/IrisDataViz.unity using Guid(2f37ae3181164744d8865e1b6157cb6e) Importer(815301076,1909f56bfc062723c751e8b465ee728b)  -> (artifact id: '118578bbc27e5273109c4b0d1eda2f08') in 0.010544 seconds
  Import took 0.013097 seconds .

========================================================================
Received Import Request.
  Time since last request: 96.093143 seconds.
  path: Assets/For3DGraphViewing/DataPlotterGraphParts.prefab
  artifactKey: Guid(5f919cccc9d08a5499e8cc4b92c32454) Importer(815301076,1909f56bfc062723c751e8b465ee728b)
Start importing Assets/For3DGraphViewing/DataPlotterGraphParts.prefab using Guid(5f919cccc9d08a5499e8cc4b92c32454) Importer(815301076,1909f56bfc062723c751e8b465ee728b)  -> (artifact id: '4cf5945c6c2c7bc1439b8be31befd77a') in 0.045260 seconds
  Import took 0.049100 seconds .

========================================================================
Received Prepare
Registering precompiled user dll's ...
Registered in 0.002495 seconds.
Begin MonoManager ReloadAssembly
Native extension for WindowsStandalone target not found
Refreshing native plugins compatible for Editor in 0.31 ms, found 3 plugins.
Preloading 0 native plugins for Editor in 0.00 ms.
Mono: successfully reloaded assembly
- Completed reload, in  0.754 seconds
Platform modules already initialized, skipping
Refreshing native plugins compatible for Editor in 0.30 ms, found 3 plugins.
Preloading 0 native plugins for Editor in 0.00 ms.
Unloading 1484 Unused Serialized files (Serialized files now loaded: 0)
System memory in use before: 74.5 MB.
System memory in use after: 73.9 MB.

Unloading 34 unused Assets to reduce memory usage. Loaded Objects now: 1944.
Total: 1.698100 ms (FindLiveObjects: 0.148900 ms CreateObjectMapping: 0.049100 ms MarkObjects: 1.230000 ms  DeleteObjects: 0.269400 ms)

========================================================================
Received Prepare
Registering precompiled user dll's ...
Registered in 0.002460 seconds.
Begin MonoManager ReloadAssembly
Native extension for WindowsStandalone target not found
Refreshing native plugins compatible for Editor in 0.30 ms, found 3 plugins.
Preloading 0 native plugins for Editor in 0.00 ms.
Mono: successfully reloaded assembly
- Completed reload, in  0.740 seconds
Platform modules already initialized, skipping
Refreshing native plugins compatible for Editor in 0.31 ms, found 3 plugins.
Preloading 0 native plugins for Editor in 0.00 ms.
Unloading 1484 Unused Serialized files (Serialized files now loaded: 0)
System memory in use before: 74.5 MB.
System memory in use after: 73.9 MB.

Unloading 31 unused Assets to reduce memory usage. Loaded Objects now: 1947.
Total: 1.753300 ms (FindLiveObjects: 0.136500 ms CreateObjectMapping: 0.043000 ms MarkObjects: 1.292600 ms  DeleteObjects: 0.280600 ms)

========================================================================
Received Import Request.
  Time since last request: 58.514367 seconds.
  path: ProjectSettings/TagManager.asset
  artifactKey: Guid(00000000000000003000000000000000) Importer(815301076,1909f56bfc062723c751e8b465ee728b)
Start importing ProjectSettings/TagManager.asset using Guid(00000000000000003000000000000000) Importer(815301076,1909f56bfc062723c751e8b465ee728b)  -> (artifact id: 'ce6a35c3cddc746e7501c0bd0ed6d4ce') in 0.014571 seconds
  Import took 0.016741 seconds .

========================================================================
Received Prepare
Registering precompiled user dll's ...
Registered in 0.002468 seconds.
Begin MonoManager ReloadAssembly
Native extension for WindowsStandalone target not found
Refreshing native plugins compatible for Editor in 0.30 ms, found 3 plugins.
Preloading 0 native plugins for Editor in 0.00 ms.
Mono: successfully reloaded assembly
- Completed reload, in  0.736 seconds
Platform modules already initialized, skipping
Refreshing native plugins compatible for Editor in 0.31 ms, found 3 plugins.
Preloading 0 native plugins for Editor in 0.00 ms.
Unloading 1484 Unused Serialized files (Serialized files now loaded: 0)
System memory in use before: 74.5 MB.
System memory in use after: 73.9 MB.

Unloading 32 unused Assets to reduce memory usage. Loaded Objects now: 1950.
Total: 1.965700 ms (FindLiveObjects: 0.167300 ms CreateObjectMapping: 0.047500 ms MarkObjects: 1.448600 ms  DeleteObjects: 0.301300 ms)

========================================================================
Received Import Request.
  Time since last request: 24.187299 seconds.
  path: ProjectSettings/TagManager.asset
  artifactKey: Guid(00000000000000003000000000000000) Importer(815301076,1909f56bfc062723c751e8b465ee728b)
Start importing ProjectSettings/TagManager.asset using Guid(00000000000000003000000000000000) Importer(815301076,1909f56bfc062723c751e8b465ee728b)  -> (artifact id: '7523293d92ec36cff34e931f8108738c') in 0.009438 seconds
  Import took 0.011519 seconds .

========================================================================
Received Prepare
Registering precompiled user dll's ...
Registered in 0.002545 seconds.
Begin MonoManager ReloadAssembly
Native extension for WindowsStandalone target not found
Refreshing native plugins compatible for Editor in 0.31 ms, found 3 plugins.
Preloading 0 native plugins for Editor in 0.00 ms.
Mono: successfully reloaded assembly
- Completed reload, in  0.761 seconds
Platform modules already initialized, skipping
Refreshing native plugins compatible for Editor in 0.30 ms, found 3 plugins.
Preloading 0 native plugins for Editor in 0.00 ms.
Unloading 1484 Unused Serialized files (Serialized files now loaded: 0)
System memory in use before: 74.5 MB.
System memory in use after: 73.9 MB.

Unloading 32 unused Assets to reduce memory usage. Loaded Objects now: 1953.
Total: 1.833500 ms (FindLiveObjects: 0.133300 ms CreateObjectMapping: 0.041500 ms MarkObjects: 1.375500 ms  DeleteObjects: 0.282300 ms)

========================================================================
Received Prepare
Registering precompiled user dll's ...
Registered in 0.002789 seconds.
Begin MonoManager ReloadAssembly
Native extension for WindowsStandalone target not found
Refreshing native plugins compatible for Editor in 0.31 ms, found 3 plugins.
Preloading 0 native plugins for Editor in 0.00 ms.
Mono: successfully reloaded assembly
- Completed reload, in  0.749 seconds
Platform modules already initialized, skipping
Refreshing native plugins compatible for Editor in 0.31 ms, found 3 plugins.
Preloading 0 native plugins for Editor in 0.00 ms.
Unloading 1484 Unused Serialized files (Serialized files now loaded: 0)
System memory in use before: 74.5 MB.
System memory in use after: 73.9 MB.

Unloading 31 unused Assets to reduce memory usage. Loaded Objects now: 1956.
Total: 2.213400 ms (FindLiveObjects: 0.317100 ms CreateObjectMapping: 0.080000 ms MarkObjects: 1.447500 ms  DeleteObjects: 0.367700 ms)

========================================================================
Received Import Request.
  Time since last request: 1216.553030 seconds.
  path: Assets/For3DGraphViewing/AirQuality/AirQualityDataVIz 1.unity
  artifactKey: Guid(2a3bd638d1eecf642a9a99bd23121c5b) Importer(815301076,1909f56bfc062723c751e8b465ee728b)
Start importing Assets/For3DGraphViewing/AirQuality/AirQualityDataVIz 1.unity using Guid(2a3bd638d1eecf642a9a99bd23121c5b) Importer(815301076,1909f56bfc062723c751e8b465ee728b)  -> (artifact id: '5d9ee26901889e17c659ebc69112f55c') in 0.016071 seconds
  Import took 0.018480 seconds .

========================================================================
Received Prepare
Registering precompiled user dll's ...
Registered in 0.002813 seconds.
Begin MonoManager ReloadAssembly
Native extension for WindowsStandalone target not found
Refreshing native plugins compatible for Editor in 0.33 ms, found 3 plugins.
Preloading 0 native plugins for Editor in 0.00 ms.
Mono: successfully reloaded assembly
- Completed reload, in  0.752 seconds
Platform modules already initialized, skipping
Refreshing native plugins compatible for Editor in 0.31 ms, found 3 plugins.
Preloading 0 native plugins for Editor in 0.00 ms.
Unloading 1484 Unused Serialized files (Serialized files now loaded: 0)
System memory in use before: 74.5 MB.
System memory in use after: 74.0 MB.

Unloading 31 unused Assets to reduce memory usage. Loaded Objects now: 1959.
Total: 1.715400 ms (FindLiveObjects: 0.133000 ms CreateObjectMapping: 0.041800 ms MarkObjects: 1.252100 ms  DeleteObjects: 0.287900 ms)

========================================================================
Received Prepare
Registering precompiled user dll's ...
Registered in 0.002459 seconds.
Begin MonoManager ReloadAssembly
Native extension for WindowsStandalone target not found
Refreshing native plugins compatible for Editor in 0.36 ms, found 3 plugins.
Preloading 0 native plugins for Editor in 0.00 ms.
Mono: successfully reloaded assembly
- Completed reload, in  0.799 seconds
Platform modules already initialized, skipping
Refreshing native plugins compatible for Editor in 0.31 ms, found 3 plugins.
Preloading 0 native plugins for Editor in 0.00 ms.
Unloading 1484 Unused Serialized files (Serialized files now loaded: 0)
System memory in use before: 74.5 MB.
System memory in use after: 74.0 MB.

Unloading 31 unused Assets to reduce memory usage. Loaded Objects now: 1962.
Total: 1.904200 ms (FindLiveObjects: 0.141700 ms CreateObjectMapping: 0.042400 ms MarkObjects: 1.324200 ms  DeleteObjects: 0.394800 ms)

========================================================================
Received Import Request.
  Time since last request: 87.800876 seconds.
  path: Assets/For3DGraphViewing/Cube.prefab
  artifactKey: Guid(f9d580d15894f724d965c7d8d4facb38) Importer(815301076,1909f56bfc062723c751e8b465ee728b)
Start importing Assets/For3DGraphViewing/Cube.prefab using Guid(f9d580d15894f724d965c7d8d4facb38) Importer(815301076,1909f56bfc062723c751e8b465ee728b)  -> (artifact id: 'bb502ec89d40f6608423e2e099886140') in 0.049939 seconds
  Import took 0.052152 seconds .

========================================================================
Received Prepare
Registering precompiled user dll's ...
Registered in 0.002625 seconds.
Begin MonoManager ReloadAssembly
Native extension for WindowsStandalone target not found
Refreshing native plugins compatible for Editor in 0.31 ms, found 3 plugins.
Preloading 0 native plugins for Editor in 0.00 ms.
Mono: successfully reloaded assembly
- Completed reload, in  0.764 seconds
Platform modules already initialized, skipping
Refreshing native plugins compatible for Editor in 0.32 ms, found 3 plugins.
Preloading 0 native plugins for Editor in 0.00 ms.
Unloading 1484 Unused Serialized files (Serialized files now loaded: 0)
System memory in use before: 74.6 MB.
System memory in use after: 74.0 MB.

Unloading 32 unused Assets to reduce memory usage. Loaded Objects now: 1966.
Total: 1.901100 ms (FindLiveObjects: 0.140300 ms CreateObjectMapping: 0.042400 ms MarkObjects: 1.416000 ms  DeleteObjects: 0.301200 ms)

========================================================================
Received Import Request.
  Time since last request: 25.352676 seconds.
  path: Assets/For3DGraphViewing/AirQuality/Scripts
  artifactKey: Guid(2973faf204629934ba3b5aade35e4362) Importer(815301076,1909f56bfc062723c751e8b465ee728b)
Start importing Assets/For3DGraphViewing/AirQuality/Scripts using Guid(2973faf204629934ba3b5aade35e4362) Importer(815301076,1909f56bfc062723c751e8b465ee728b)  -> (artifact id: '49506ca395d35b3df086161c433ec98e') in 0.007840 seconds
  Import took 0.009890 seconds .

========================================================================
Received Import Request.
  Time since last request: 0.766015 seconds.
  path: Assets/For3DGraphViewing/AirQuality/Scripts/AirQualityHolder.cs
  artifactKey: Guid(e8bd44114fe89c248b0558de0962c9b4) Importer(815301076,1909f56bfc062723c751e8b465ee728b)
Start importing Assets/For3DGraphViewing/AirQuality/Scripts/AirQualityHolder.cs using Guid(e8bd44114fe89c248b0558de0962c9b4) Importer(815301076,1909f56bfc062723c751e8b465ee728b)  -> (artifact id: '02ef2e397a4015c3eb4b26d6b185fb14') in 0.005120 seconds
  Import took 0.007268 seconds .

========================================================================
Received Import Request.
  Time since last request: 0.024240 seconds.
  path: Assets/For3DGraphViewing/AirQuality/Scripts/AirQualityHolder.cs
  artifactKey: Guid(e8bd44114fe89c248b0558de0962c9b4) Importer(815301076,1909f56bfc062723c751e8b465ee728b)
Start importing Assets/For3DGraphViewing/AirQuality/Scripts/AirQualityHolder.cs using Guid(e8bd44114fe89c248b0558de0962c9b4) Importer(815301076,1909f56bfc062723c751e8b465ee728b)  -> (artifact id: '02ef2e397a4015c3eb4b26d6b185fb14') in 0.001780 seconds
  Import took 0.003739 seconds .

========================================================================
Received Import Request.
  Time since last request: 0.324209 seconds.
  path: Assets/For3DGraphViewing/AirQuality/Scripts/AirQualityPlotter.cs
  artifactKey: Guid(c50705363aee8d34a89d01ca35dc233c) Importer(815301076,1909f56bfc062723c751e8b465ee728b)
Start importing Assets/For3DGraphViewing/AirQuality/Scripts/AirQualityPlotter.cs using Guid(c50705363aee8d34a89d01ca35dc233c) Importer(815301076,1909f56bfc062723c751e8b465ee728b)  -> (artifact id: 'bd8677d9fe2bc432516d511aebf378f2') in 0.005327 seconds
  Import took 0.007306 seconds .

========================================================================
Received Prepare
Registering precompiled user dll's ...
Registered in 0.002601 seconds.
Begin MonoManager ReloadAssembly
Native extension for WindowsStandalone target not found
Refreshing native plugins compatible for Editor in 0.38 ms, found 3 plugins.
Preloading 0 native plugins for Editor in 0.00 ms.
Mono: successfully reloaded assembly
- Completed reload, in  0.745 seconds
Platform modules already initialized, skipping
Refreshing native plugins compatible for Editor in 0.33 ms, found 3 plugins.
Preloading 0 native plugins for Editor in 0.00 ms.
Unloading 1484 Unused Serialized files (Serialized files now loaded: 0)
System memory in use before: 74.6 MB.
System memory in use after: 74.0 MB.

Unloading 31 unused Assets to reduce memory usage. Loaded Objects now: 1969.
Total: 1.863400 ms (FindLiveObjects: 0.128100 ms CreateObjectMapping: 0.040900 ms MarkObjects: 1.401500 ms  DeleteObjects: 0.292300 ms)

========================================================================
Received Prepare
Registering precompiled user dll's ...
Registered in 0.002450 seconds.
Begin MonoManager ReloadAssembly
Native extension for WindowsStandalone target not found
Refreshing native plugins compatible for Editor in 0.31 ms, found 3 plugins.
Preloading 0 native plugins for Editor in 0.00 ms.
Mono: successfully reloaded assembly
- Completed reload, in  0.771 seconds
Platform modules already initialized, skipping
Refreshing native plugins compatible for Editor in 0.33 ms, found 3 plugins.
Preloading 0 native plugins for Editor in 0.00 ms.
Unloading 1484 Unused Serialized files (Serialized files now loaded: 0)
System memory in use before: 74.6 MB.
System memory in use after: 74.0 MB.

Unloading 31 unused Assets to reduce memory usage. Loaded Objects now: 1972.
Total: 1.747400 ms (FindLiveObjects: 0.135700 ms CreateObjectMapping: 0.044400 ms MarkObjects: 1.275300 ms  DeleteObjects: 0.291400 ms)

========================================================================
Received Prepare
Registering precompiled user dll's ...
Registered in 0.002754 seconds.
Begin MonoManager ReloadAssembly
Native extension for WindowsStandalone target not found
Refreshing native plugins compatible for Editor in 0.32 ms, found 3 plugins.
Preloading 0 native plugins for Editor in 0.00 ms.
Mono: successfully reloaded assembly
- Completed reload, in  0.738 seconds
Platform modules already initialized, skipping
Refreshing native plugins compatible for Editor in 0.31 ms, found 3 plugins.
Preloading 0 native plugins for Editor in 0.00 ms.
Unloading 1484 Unused Serialized files (Serialized files now loaded: 0)
System memory in use before: 74.5 MB.
System memory in use after: 73.9 MB.

Unloading 31 unused Assets to reduce memory usage. Loaded Objects now: 1975.
Total: 1.793700 ms (FindLiveObjects: 0.146000 ms CreateObjectMapping: 0.043400 ms MarkObjects: 1.299000 ms  DeleteObjects: 0.304300 ms)

========================================================================
Received Prepare
Registering precompiled user dll's ...
Registered in 0.002638 seconds.
Begin MonoManager ReloadAssembly
Native extension for WindowsStandalone target not found
Refreshing native plugins compatible for Editor in 0.31 ms, found 3 plugins.
Preloading 0 native plugins for Editor in 0.00 ms.
Mono: successfully reloaded assembly
- Completed reload, in  0.739 seconds
Platform modules already initialized, skipping
Refreshing native plugins compatible for Editor in 0.32 ms, found 3 plugins.
Preloading 0 native plugins for Editor in 0.00 ms.
Unloading 1484 Unused Serialized files (Serialized files now loaded: 0)
System memory in use before: 74.6 MB.
System memory in use after: 74.0 MB.

Unloading 31 unused Assets to reduce memory usage. Loaded Objects now: 1978.
Total: 1.940800 ms (FindLiveObjects: 0.196300 ms CreateObjectMapping: 0.059800 ms MarkObjects: 1.367300 ms  DeleteObjects: 0.316200 ms)

AssetImportWorkerClient::OnTransportError - code=2 error=End of file
